# JRE version: OpenJDK Runtime Environment (17.0.6) (build 17.0.6+0-b2043.56-9586694)
# Java VM: OpenJDK 64-Bit Server VM (17.0.6+0-b2043.56-9586694, mixed mode, tiered, compressed oops, compressed class ptrs, g1 gc, windows-amd64)
GC Precious Log:
 CPUs: 4 total, 4 available
 Memory: 8134M
 Large Page Support: Disabled
 NUMA Support: Disabled
 Compressed Oops: Enabled (32-bit)
 Heap Region Size: 1M
 Heap Min Capacity: 8M
 Heap Initial Capacity: 128M
 Heap Max Capacity: 2G
 Pre-touch: Disabled
 Parallel Workers: 4
 Concurrent Workers: 1
 Concurrent Refinement Workers: 4
 Periodic GC: Disabled
Heap:
 garbage-first heap   total 187392K, used 136904K [0x0000000080000000, 0x0000000100000000)
  region size 1024K, 55 young (56320K), 5 survivors (5120K)
 Metaspace       used 91318K, committed 91904K, reserved 1130496K
  class space    used 12350K, committed 12608K, reserved 1048576K
GC Heap History (20 events):
Event: 22.721 GC heap before
{Heap before GC invocations=24 (full 0):
 garbage-first heap   total 129024K, used 92781K [0x0000000080000000, 0x0000000100000000)
  region size 1024K, 42 young (43008K), 3 survivors (3072K)
 Metaspace       used 71262K, committed 71744K, reserved 1114112K
  class space    used 9361K, committed 9600K, reserved 1048576K
}
Event: 22.724 GC heap after
{Heap after GC invocations=25 (full 0):
 garbage-first heap   total 129024K, used 54618K [0x0000000080000000, 0x0000000100000000)
  region size 1024K, 6 young (6144K), 6 survivors (6144K)
 Metaspace       used 71262K, committed 71744K, reserved 1114112K
  class space    used 9361K, committed 9600K, reserved 1048576K
}
Event: 23.152 GC heap before
{Heap before GC invocations=25 (full 0):
 garbage-first heap   total 129024K, used 94554K [0x0000000080000000, 0x0000000100000000)
  region size 1024K, 45 young (46080K), 6 survivors (6144K)
 Metaspace       used 75270K, committed 75840K, reserved 1122304K
  class space    used 10074K, committed 10304K, reserved 1048576K
}
Event: 23.157 GC heap after
{Heap after GC invocations=26 (full 0):
 garbage-first heap   total 129024K, used 57615K [0x0000000080000000, 0x0000000100000000)
  region size 1024K, 6 young (6144K), 6 survivors (6144K)
 Metaspace       used 75270K, committed 75840K, reserved 1122304K
  class space    used 10074K, committed 10304K, reserved 1048576K
}
Event: 23.727 GC heap before
{Heap before GC invocations=26 (full 0):
 garbage-first heap   total 129024K, used 97551K [0x0000000080000000, 0x0000000100000000)
  region size 1024K, 45 young (46080K), 6 survivors (6144K)
 Metaspace       used 79389K, committed 80000K, reserved 1122304K
  class space    used 10713K, committed 11008K, reserved 1048576K
}
Event: 23.734 GC heap after
{Heap after GC invocations=27 (full 0):
 garbage-first heap   total 129024K, used 60701K [0x0000000080000000, 0x0000000100000000)
  region size 1024K, 6 young (6144K), 6 survivors (6144K)
 Metaspace       used 79389K, committed 80000K, reserved 1122304K
  class space    used 10713K, committed 11008K, reserved 1048576K
}
Event: 24.210 GC heap before
{Heap before GC invocations=27 (full 0):
 garbage-first heap   total 129024K, used 99613K [0x0000000080000000, 0x0000000100000000)
  region size 1024K, 44 young (45056K), 6 survivors (6144K)
 Metaspace       used 84491K, committed 85120K, reserved 1130496K
  class space    used 11466K, committed 11776K, reserved 1048576K
}
Event: 24.218 GC heap after
{Heap after GC invocations=28 (full 0):
 garbage-first heap   total 155648K, used 62990K [0x0000000080000000, 0x0000000100000000)
  region size 1024K, 6 young (6144K), 6 survivors (6144K)
 Metaspace       used 84491K, committed 85120K, reserved 1130496K
  class space    used 11466K, committed 11776K, reserved 1048576K
}
Event: 24.727 GC heap before
{Heap before GC invocations=28 (full 0):
 garbage-first heap   total 155648K, used 120334K [0x0000000080000000, 0x0000000100000000)
  region size 1024K, 62 young (63488K), 6 survivors (6144K)
 Metaspace       used 86248K, committed 86912K, reserved 1130496K
  class space    used 11671K, committed 11968K, reserved 1048576K
}
Event: 24.736 GC heap after
{Heap after GC invocations=29 (full 0):
 garbage-first heap   total 155648K, used 70656K [0x0000000080000000, 0x0000000100000000)
  region size 1024K, 8 young (8192K), 8 survivors (8192K)
 Metaspace       used 86248K, committed 86912K, reserved 1130496K
  class space    used 11671K, committed 11968K, reserved 1048576K
}
Event: 25.441 GC heap before
{Heap before GC invocations=29 (full 0):
 garbage-first heap   total 155648K, used 119808K [0x0000000080000000, 0x0000000100000000)
  region size 1024K, 56 young (57344K), 8 survivors (8192K)
 Metaspace       used 88779K, committed 89408K, reserved 1130496K
  class space    used 12125K, committed 12416K, reserved 1048576K
}
Event: 25.453 GC heap after
{Heap after GC invocations=30 (full 0):
 garbage-first heap   total 155648K, used 77975K [0x0000000080000000, 0x0000000100000000)
  region size 1024K, 7 young (7168K), 7 survivors (7168K)
 Metaspace       used 88779K, committed 89408K, reserved 1130496K
  class space    used 12125K, committed 12416K, reserved 1048576K
}
Event: 25.861 GC heap before
{Heap before GC invocations=30 (full 0):
 garbage-first heap   total 155648K, used 120983K [0x0000000080000000, 0x0000000100000000)
  region size 1024K, 50 young (51200K), 7 survivors (7168K)
 Metaspace       used 89049K, committed 89664K, reserved 1130496K
  class space    used 12129K, committed 12416K, reserved 1048576K
}
Event: 25.867 GC heap after
{Heap after GC invocations=31 (full 0):
 garbage-first heap   total 155648K, used 80591K [0x0000000080000000, 0x0000000100000000)
  region size 1024K, 3 young (3072K), 3 survivors (3072K)
 Metaspace       used 89049K, committed 89664K, reserved 1130496K
  class space    used 12129K, committed 12416K, reserved 1048576K
}
Event: 26.398 GC heap before
{Heap before GC invocations=32 (full 0):
 garbage-first heap   total 155648K, used 123599K [0x0000000080000000, 0x0000000100000000)
  region size 1024K, 46 young (47104K), 3 survivors (3072K)
 Metaspace       used 89490K, committed 90176K, reserved 1130496K
  class space    used 12165K, committed 12480K, reserved 1048576K
}
Event: 26.405 GC heap after
{Heap after GC invocations=33 (full 0):
 garbage-first heap   total 155648K, used 83968K [0x0000000080000000, 0x0000000100000000)
  region size 1024K, 6 young (6144K), 6 survivors (6144K)
 Metaspace       used 89490K, committed 90176K, reserved 1130496K
  class space    used 12165K, committed 12480K, reserved 1048576K
}
Event: 26.437 GC heap before
{Heap before GC invocations=33 (full 0):
 garbage-first heap   total 155648K, used 83968K [0x0000000080000000, 0x0000000100000000)
  region size 1024K, 7 young (7168K), 6 survivors (6144K)
 Metaspace       used 89490K, committed 90176K, reserved 1130496K
  class space    used 12165K, committed 12480K, reserved 1048576K
}
Event: 26.441 GC heap after
{Heap after GC invocations=34 (full 0):
 garbage-first heap   total 187392K, used 84278K [0x0000000080000000, 0x0000000100000000)
  region size 1024K, 1 young (1024K), 1 survivors (1024K)
 Metaspace       used 89490K, committed 90176K, reserved 1130496K
  class space    used 12165K, committed 12480K, reserved 1048576K
}
Event: 27.253 GC heap before
{Heap before GC invocations=34 (full 0):
 garbage-first heap   total 187392K, used 148790K [0x0000000080000000, 0x0000000100000000)
  region size 1024K, 65 young (66560K), 1 survivors (1024K)
 Metaspace       used 89849K, committed 90496K, reserved 1130496K
  class space    used 12193K, committed 12480K, reserved 1048576K
}
Event: 27.259 GC heap after
{Heap after GC invocations=35 (full 0):
 garbage-first heap   total 187392K, used 87752K [0x0000000080000000, 0x0000000100000000)
  region size 1024K, 5 young (5120K), 5 survivors (5120K)
 Metaspace       used 89849K, committed 90496K, reserved 1130496K
  class space    used 12193K, committed 12480K, reserved 1048576K
}

