# JRE version: OpenJDK Runtime Environment (17.0.6) (build 17.0.6+0-b2043.56-9586694)
# Java VM: OpenJDK 64-Bit Server VM (17.0.6+0-b2043.56-9586694, mixed mode, tiered, compressed oops, compressed class ptrs, g1 gc, windows-amd64)
GC Precious Log:
 CPUs: 4 total, 4 available
 Memory: 8134M
 Large Page Support: Disabled
 NUMA Support: Disabled
 Compressed Oops: Enabled (32-bit)
 Heap Region Size: 1M
 Heap Min Capacity: 8M
 Heap Initial Capacity: 128M
 Heap Max Capacity: 2G
 Pre-touch: Disabled
 Parallel Workers: 4
 Concurrent Workers: 1
 Concurrent Refinement Workers: 4
 Periodic GC: Disabled
Heap:
 garbage-first heap   total 236544K, used 140251K [0x0000000080000000, 0x0000000100000000)
  region size 1024K, 23 young (23552K), 4 survivors (4096K)
 Metaspace       used 118127K, committed 118848K, reserved 1155072K
  class space    used 16092K, committed 16448K, reserved 1048576K
GC Heap History (20 events):
Event: 50.298 GC heap before
{Heap before GC invocations=43 (full 0):
 garbage-first heap   total 196608K, used 156265K [0x0000000080000000, 0x0000000100000000)
  region size 1024K, 56 young (57344K), 8 survivors (8192K)
 Metaspace       used 96164K, committed 96896K, reserved 1138688K
  class space    used 12777K, committed 13120K, reserved 1048576K
}
Event: 50.306 GC heap after
{Heap after GC invocations=44 (full 0):
 garbage-first heap   total 196608K, used 110248K [0x0000000080000000, 0x0000000100000000)
  region size 1024K, 4 young (4096K), 4 survivors (4096K)
 Metaspace       used 96164K, committed 96896K, reserved 1138688K
  class space    used 12777K, committed 13120K, reserved 1048576K
}
Event: 50.340 GC heap before
{Heap before GC invocations=44 (full 0):
 garbage-first heap   total 196608K, used 115368K [0x0000000080000000, 0x0000000100000000)
  region size 1024K, 9 young (9216K), 4 survivors (4096K)
 Metaspace       used 96213K, committed 96896K, reserved 1138688K
  class space    used 12780K, committed 13120K, reserved 1048576K
}
Event: 50.345 GC heap after
{Heap after GC invocations=45 (full 0):
 garbage-first heap   total 196608K, used 111570K [0x0000000080000000, 0x0000000100000000)
  region size 1024K, 2 young (2048K), 2 survivors (2048K)
 Metaspace       used 96213K, committed 96896K, reserved 1138688K
  class space    used 12780K, committed 13120K, reserved 1048576K
}
Event: 50.823 GC heap before
{Heap before GC invocations=45 (full 0):
 garbage-first heap   total 196608K, used 158674K [0x0000000080000000, 0x0000000100000000)
  region size 1024K, 48 young (49152K), 2 survivors (2048K)
 Metaspace       used 96474K, committed 97216K, reserved 1138688K
  class space    used 12831K, committed 13184K, reserved 1048576K
}
Event: 50.829 GC heap after
{Heap after GC invocations=46 (full 0):
 garbage-first heap   total 196608K, used 116736K [0x0000000080000000, 0x0000000100000000)
  region size 1024K, 6 young (6144K), 6 survivors (6144K)
 Metaspace       used 96474K, committed 97216K, reserved 1138688K
  class space    used 12831K, committed 13184K, reserved 1048576K
}
Event: 51.300 GC heap before
{Heap before GC invocations=46 (full 0):
 garbage-first heap   total 196608K, used 159744K [0x0000000080000000, 0x0000000100000000)
  region size 1024K, 49 young (50176K), 6 survivors (6144K)
 Metaspace       used 96503K, committed 97216K, reserved 1138688K
  class space    used 12833K, committed 13184K, reserved 1048576K
}
Event: 51.307 GC heap after
{Heap after GC invocations=47 (full 0):
 garbage-first heap   total 196608K, used 119539K [0x0000000080000000, 0x0000000100000000)
  region size 1024K, 3 young (3072K), 3 survivors (3072K)
 Metaspace       used 96503K, committed 97216K, reserved 1138688K
  class space    used 12833K, committed 13184K, reserved 1048576K
}
Event: 51.496 GC heap before
{Heap before GC invocations=47 (full 0):
 garbage-first heap   total 196608K, used 132851K [0x0000000080000000, 0x0000000100000000)
  region size 1024K, 16 young (16384K), 3 survivors (3072K)
 Metaspace       used 96716K, committed 97408K, reserved 1138688K
  class space    used 12858K, committed 13184K, reserved 1048576K
}
Event: 51.499 GC heap after
{Heap after GC invocations=48 (full 0):
 garbage-first heap   total 196608K, used 121846K [0x0000000080000000, 0x0000000100000000)
  region size 1024K, 3 young (3072K), 3 survivors (3072K)
 Metaspace       used 96716K, committed 97408K, reserved 1138688K
  class space    used 12858K, committed 13184K, reserved 1048576K
}
Event: 52.012 GC heap before
{Heap before GC invocations=48 (full 0):
 garbage-first heap   total 196608K, used 165878K [0x0000000080000000, 0x0000000100000000)
  region size 1024K, 45 young (46080K), 3 survivors (3072K)
 Metaspace       used 101299K, committed 102016K, reserved 1138688K
  class space    used 13513K, committed 13824K, reserved 1048576K
}
Event: 52.020 GC heap after
{Heap after GC invocations=49 (full 0):
 garbage-first heap   total 196608K, used 126950K [0x0000000080000000, 0x0000000100000000)
  region size 1024K, 6 young (6144K), 6 survivors (6144K)
 Metaspace       used 101299K, committed 102016K, reserved 1138688K
  class space    used 13513K, committed 13824K, reserved 1048576K
}
Event: 52.513 GC heap before
{Heap before GC invocations=49 (full 0):
 garbage-first heap   total 196608K, used 161766K [0x0000000080000000, 0x0000000100000000)
  region size 1024K, 41 young (41984K), 6 survivors (6144K)
 Metaspace       used 107740K, committed 108416K, reserved 1146880K
  class space    used 14663K, committed 14976K, reserved 1048576K
}
Event: 52.521 GC heap after
{Heap after GC invocations=50 (full 0):
 garbage-first heap   total 236544K, used 130558K [0x0000000080000000, 0x0000000100000000)
  region size 1024K, 4 young (4096K), 4 survivors (4096K)
 Metaspace       used 107740K, committed 108416K, reserved 1146880K
  class space    used 14663K, committed 14976K, reserved 1048576K
}
Event: 53.516 GC heap before
{Heap before GC invocations=51 (full 0):
 garbage-first heap   total 236544K, used 185854K [0x0000000080000000, 0x0000000100000000)
  region size 1024K, 61 young (62464K), 4 survivors (4096K)
 Metaspace       used 110691K, committed 111360K, reserved 1146880K
  class space    used 14969K, committed 15296K, reserved 1048576K
}
Event: 53.528 GC heap after
{Heap after GC invocations=52 (full 0):
 garbage-first heap   total 236544K, used 129625K [0x0000000080000000, 0x0000000100000000)
  region size 1024K, 5 young (5120K), 5 survivors (5120K)
 Metaspace       used 110691K, committed 111360K, reserved 1146880K
  class space    used 14969K, committed 15296K, reserved 1048576K
}
Event: 53.642 GC heap before
{Heap before GC invocations=52 (full 0):
 garbage-first heap   total 236544K, used 134745K [0x0000000080000000, 0x0000000100000000)
  region size 1024K, 11 young (11264K), 5 survivors (5120K)
 Metaspace       used 111123K, committed 111872K, reserved 1146880K
  class space    used 15033K, committed 15360K, reserved 1048576K
}
Event: 53.649 GC heap after
{Heap after GC invocations=53 (full 0):
 garbage-first heap   total 236544K, used 121408K [0x0000000080000000, 0x0000000100000000)
  region size 1024K, 2 young (2048K), 2 survivors (2048K)
 Metaspace       used 111123K, committed 111872K, reserved 1146880K
  class space    used 15033K, committed 15360K, reserved 1048576K
}
Event: 55.035 GC heap before
{Heap before GC invocations=53 (full 0):
 garbage-first heap   total 236544K, used 187968K [0x0000000080000000, 0x0000000100000000)
  region size 1024K, 67 young (68608K), 2 survivors (2048K)
 Metaspace       used 116117K, committed 116864K, reserved 1155072K
  class space    used 15844K, committed 16192K, reserved 1048576K
}
Event: 55.044 GC heap after
{Heap after GC invocations=54 (full 0):
 garbage-first heap   total 236544K, used 122843K [0x0000000080000000, 0x0000000100000000)
  region size 1024K, 4 young (4096K), 4 survivors (4096K)
 Metaspace       used 116117K, committed 116864K, reserved 1155072K
  class space    used 15844K, committed 16192K, reserved 1048576K
}

