# JRE version: OpenJDK Runtime Environment (17.0.6) (build 17.0.6+0-b2043.56-9586694)
# Java VM: OpenJDK 64-Bit Server VM (17.0.6+0-b2043.56-9586694, mixed mode, tiered, compressed oops, compressed class ptrs, g1 gc, windows-amd64)
GC Precious Log:
 CPUs: 4 total, 4 available
 Memory: 8134M
 Large Page Support: Disabled
 NUMA Support: Disabled
 Compressed Oops: Enabled (32-bit)
 Heap Region Size: 1M
 Heap Min Capacity: 8M
 Heap Initial Capacity: 128M
 Heap Max Capacity: 2G
 Pre-touch: Disabled
 Parallel Workers: 4
 Concurrent Workers: 1
 Concurrent Refinement Workers: 4
 Periodic GC: Disabled
Heap:
 garbage-first heap   total 150528K, used 117132K [0x0000000080000000, 0x0000000100000000)
  region size 1024K, 47 young (48128K), 7 survivors (7168K)
 Metaspace       used 86672K, committed 87296K, reserved 1130496K
  class space    used 11976K, committed 12288K, reserved 1048576K
GC Heap History (20 events):
Event: 13.219 GC heap before
{Heap before GC invocations=35 (full 0):
 garbage-first heap   total 91136K, used 69178K [0x0000000080000000, 0x0000000100000000)
  region size 1024K, 20 young (20480K), 1 survivors (1024K)
 Metaspace       used 63841K, committed 64384K, reserved 1105920K
  class space    used 8490K, committed 8704K, reserved 1048576K
}
Event: 13.222 GC heap after
{Heap after GC invocations=36 (full 0):
 garbage-first heap   total 124928K, used 51641K [0x0000000080000000, 0x0000000100000000)
  region size 1024K, 3 young (3072K), 3 survivors (3072K)
 Metaspace       used 63841K, committed 64384K, reserved 1105920K
  class space    used 8490K, committed 8704K, reserved 1048576K
}
Event: 13.664 GC heap before
{Heap before GC invocations=37 (full 0):
 garbage-first heap   total 124928K, used 93625K [0x0000000080000000, 0x0000000100000000)
  region size 1024K, 39 young (39936K), 3 survivors (3072K)
 Metaspace       used 66034K, committed 66560K, reserved 1114112K
  class space    used 8771K, committed 9024K, reserved 1048576K
}
Event: 13.668 GC heap after
{Heap after GC invocations=38 (full 0):
 garbage-first heap   total 124928K, used 54964K [0x0000000080000000, 0x0000000100000000)
  region size 1024K, 5 young (5120K), 5 survivors (5120K)
 Metaspace       used 66034K, committed 66560K, reserved 1114112K
  class space    used 8771K, committed 9024K, reserved 1048576K
}
Event: 14.118 GC heap before
{Heap before GC invocations=38 (full 0):
 garbage-first heap   total 124928K, used 91828K [0x0000000080000000, 0x0000000100000000)
  region size 1024K, 41 young (41984K), 5 survivors (5120K)
 Metaspace       used 68675K, committed 69248K, reserved 1114112K
  class space    used 9095K, committed 9344K, reserved 1048576K
}
Event: 14.124 GC heap after
{Heap after GC invocations=39 (full 0):
 garbage-first heap   total 124928K, used 58236K [0x0000000080000000, 0x0000000100000000)
  region size 1024K, 3 young (3072K), 3 survivors (3072K)
 Metaspace       used 68675K, committed 69248K, reserved 1114112K
  class space    used 9095K, committed 9344K, reserved 1048576K
}
Event: 14.371 GC heap before
{Heap before GC invocations=39 (full 0):
 garbage-first heap   total 124928K, used 94076K [0x0000000080000000, 0x0000000100000000)
  region size 1024K, 38 young (38912K), 3 survivors (3072K)
 Metaspace       used 69219K, committed 69696K, reserved 1114112K
  class space    used 9200K, committed 9408K, reserved 1048576K
}
Event: 14.376 GC heap after
{Heap after GC invocations=40 (full 0):
 garbage-first heap   total 124928K, used 60018K [0x0000000080000000, 0x0000000100000000)
  region size 1024K, 3 young (3072K), 3 survivors (3072K)
 Metaspace       used 69219K, committed 69696K, reserved 1114112K
  class space    used 9200K, committed 9408K, reserved 1048576K
}
Event: 14.934 GC heap before
{Heap before GC invocations=40 (full 0):
 garbage-first heap   total 124928K, used 95858K [0x0000000080000000, 0x0000000100000000)
  region size 1024K, 38 young (38912K), 3 survivors (3072K)
 Metaspace       used 71597K, committed 72064K, reserved 1114112K
  class space    used 9577K, committed 9792K, reserved 1048576K
}
Event: 14.938 GC heap after
{Heap after GC invocations=41 (full 0):
 garbage-first heap   total 124928K, used 62098K [0x0000000080000000, 0x0000000100000000)
  region size 1024K, 5 young (5120K), 5 survivors (5120K)
 Metaspace       used 71597K, committed 72064K, reserved 1114112K
  class space    used 9577K, committed 9792K, reserved 1048576K
}
Event: 15.509 GC heap before
{Heap before GC invocations=41 (full 0):
 garbage-first heap   total 124928K, used 96914K [0x0000000080000000, 0x0000000100000000)
  region size 1024K, 39 young (39936K), 5 survivors (5120K)
 Metaspace       used 74486K, committed 75008K, reserved 1114112K
  class space    used 10139K, committed 10368K, reserved 1048576K
}
Event: 15.514 GC heap after
{Heap after GC invocations=42 (full 0):
 garbage-first heap   total 124928K, used 63512K [0x0000000080000000, 0x0000000100000000)
  region size 1024K, 4 young (4096K), 4 survivors (4096K)
 Metaspace       used 74486K, committed 75008K, reserved 1114112K
  class space    used 10139K, committed 10368K, reserved 1048576K
}
Event: 16.107 GC heap before
{Heap before GC invocations=42 (full 0):
 garbage-first heap   total 124928K, used 99352K [0x0000000080000000, 0x0000000100000000)
  region size 1024K, 39 young (39936K), 4 survivors (4096K)
 Metaspace       used 77349K, committed 77952K, reserved 1122304K
  class space    used 10557K, committed 10816K, reserved 1048576K
}
Event: 16.112 GC heap after
{Heap after GC invocations=43 (full 0):
 garbage-first heap   total 124928K, used 65884K [0x0000000080000000, 0x0000000100000000)
  region size 1024K, 4 young (4096K), 4 survivors (4096K)
 Metaspace       used 77349K, committed 77952K, reserved 1122304K
  class space    used 10557K, committed 10816K, reserved 1048576K
}
Event: 16.502 GC heap before
{Heap before GC invocations=43 (full 0):
 garbage-first heap   total 124928K, used 100700K [0x0000000080000000, 0x0000000100000000)
  region size 1024K, 38 young (38912K), 4 survivors (4096K)
 Metaspace       used 80133K, committed 80768K, reserved 1122304K
  class space    used 11011K, committed 11328K, reserved 1048576K
}
Event: 16.506 GC heap after
{Heap after GC invocations=44 (full 0):
 garbage-first heap   total 124928K, used 67651K [0x0000000080000000, 0x0000000100000000)
  region size 1024K, 4 young (4096K), 4 survivors (4096K)
 Metaspace       used 80133K, committed 80768K, reserved 1122304K
  class space    used 11011K, committed 11328K, reserved 1048576K
}
Event: 17.341 GC heap before
{Heap before GC invocations=44 (full 0):
 garbage-first heap   total 124928K, used 102467K [0x0000000080000000, 0x0000000100000000)
  region size 1024K, 38 young (38912K), 4 survivors (4096K)
 Metaspace       used 83221K, committed 83776K, reserved 1122304K
  class space    used 11416K, committed 11648K, reserved 1048576K
}
Event: 17.346 GC heap after
{Heap after GC invocations=45 (full 0):
 garbage-first heap   total 150528K, used 70152K [0x0000000080000000, 0x0000000100000000)
  region size 1024K, 4 young (4096K), 4 survivors (4096K)
 Metaspace       used 83221K, committed 83776K, reserved 1122304K
  class space    used 11416K, committed 11648K, reserved 1048576K
}
Event: 18.265 GC heap before
{Heap before GC invocations=45 (full 0):
 garbage-first heap   total 150528K, used 122376K [0x0000000080000000, 0x0000000100000000)
  region size 1024K, 55 young (56320K), 4 survivors (4096K)
 Metaspace       used 84230K, committed 84800K, reserved 1122304K
  class space    used 11561K, committed 11840K, reserved 1048576K
}
Event: 18.274 GC heap after
{Heap after GC invocations=46 (full 0):
 garbage-first heap   total 150528K, used 78220K [0x0000000080000000, 0x0000000100000000)
  region size 1024K, 7 young (7168K), 7 survivors (7168K)
 Metaspace       used 84230K, committed 84800K, reserved 1122304K
  class space    used 11561K, committed 11840K, reserved 1048576K
}

