# JRE version: OpenJDK Runtime Environment (17.0.6) (build 17.0.6+0-b2043.56-9586694)
# Java VM: OpenJDK 64-Bit Server VM (17.0.6+0-b2043.56-9586694, mixed mode, tiered, compressed oops, compressed class ptrs, g1 gc, windows-amd64)
GC Precious Log:
 CPUs: 4 total, 4 available
 Memory: 8134M
 Large Page Support: Disabled
 NUMA Support: Disabled
 Compressed Oops: Enabled (32-bit)
 Heap Region Size: 1M
 Heap Min Capacity: 8M
 Heap Initial Capacity: 128M
 Heap Max Capacity: 2G
 Pre-touch: Disabled
 Parallel Workers: 4
 Concurrent Workers: 1
 Concurrent Refinement Workers: 4
 Periodic GC: Disabled
Heap:
 garbage-first heap   total 121856K, used 90238K [0x0000000080000000, 0x0000000100000000)
  region size 1024K, 37 young (37888K), 4 survivors (4096K)
 Metaspace       used 76740K, committed 77248K, reserved 1122304K
  class space    used 10468K, committed 10688K, reserved 1048576K
GC Heap History (20 events):
Event: 9.943 GC heap before
{Heap before GC invocations=14 (full 0):
 garbage-first heap   total 86016K, used 67562K [0x0000000080000000, 0x0000000100000000)
  region size 1024K, 36 young (36864K), 4 survivors (4096K)
 Metaspace       used 51243K, committed 51648K, reserved 1097728K
  class space    used 6760K, committed 6912K, reserved 1048576K
}
Event: 9.948 GC heap after
{Heap after GC invocations=15 (full 0):
 garbage-first heap   total 86016K, used 41099K [0x0000000080000000, 0x0000000100000000)
  region size 1024K, 5 young (5120K), 5 survivors (5120K)
 Metaspace       used 51243K, committed 51648K, reserved 1097728K
  class space    used 6760K, committed 6912K, reserved 1048576K
}
Event: 10.312 GC heap before
{Heap before GC invocations=15 (full 0):
 garbage-first heap   total 86016K, used 64651K [0x0000000080000000, 0x0000000100000000)
  region size 1024K, 28 young (28672K), 5 survivors (5120K)
 Metaspace       used 54643K, committed 55040K, reserved 1097728K
  class space    used 7221K, committed 7424K, reserved 1048576K
}
Event: 10.315 GC heap after
{Heap after GC invocations=16 (full 0):
 garbage-first heap   total 86016K, used 42926K [0x0000000080000000, 0x0000000100000000)
  region size 1024K, 2 young (2048K), 2 survivors (2048K)
 Metaspace       used 54643K, committed 55040K, reserved 1097728K
  class space    used 7221K, committed 7424K, reserved 1048576K
}
Event: 10.753 GC heap before
{Heap before GC invocations=16 (full 0):
 garbage-first heap   total 86016K, used 66478K [0x0000000080000000, 0x0000000100000000)
  region size 1024K, 25 young (25600K), 2 survivors (2048K)
 Metaspace       used 59205K, committed 59648K, reserved 1105920K
  class space    used 7790K, committed 8000K, reserved 1048576K
}
Event: 10.755 GC heap after
{Heap after GC invocations=17 (full 0):
 garbage-first heap   total 86016K, used 43879K [0x0000000080000000, 0x0000000100000000)
  region size 1024K, 3 young (3072K), 3 survivors (3072K)
 Metaspace       used 59205K, committed 59648K, reserved 1105920K
  class space    used 7790K, committed 8000K, reserved 1048576K
}
Event: 10.936 GC heap before
{Heap before GC invocations=18 (full 0):
 garbage-first heap   total 86016K, used 52071K [0x0000000080000000, 0x0000000100000000)
  region size 1024K, 13 young (13312K), 3 survivors (3072K)
 Metaspace       used 61131K, committed 61760K, reserved 1105920K
  class space    used 8039K, committed 8320K, reserved 1048576K
}
Event: 10.939 GC heap after
{Heap after GC invocations=19 (full 0):
 garbage-first heap   total 86016K, used 45301K [0x0000000080000000, 0x0000000100000000)
  region size 1024K, 4 young (4096K), 4 survivors (4096K)
 Metaspace       used 61131K, committed 61760K, reserved 1105920K
  class space    used 8039K, committed 8320K, reserved 1048576K
}
Event: 11.160 GC heap before
{Heap before GC invocations=20 (full 0):
 garbage-first heap   total 99328K, used 74997K [0x0000000080000000, 0x0000000100000000)
  region size 1024K, 27 young (27648K), 4 survivors (4096K)
 Metaspace       used 62580K, committed 63040K, reserved 1105920K
  class space    used 8236K, committed 8448K, reserved 1048576K
}
Event: 11.165 GC heap after
{Heap after GC invocations=21 (full 0):
 garbage-first heap   total 99328K, used 47601K [0x0000000080000000, 0x0000000100000000)
  region size 1024K, 4 young (4096K), 4 survivors (4096K)
 Metaspace       used 62580K, committed 63040K, reserved 1105920K
  class space    used 8236K, committed 8448K, reserved 1048576K
}
Event: 11.469 GC heap before
{Heap before GC invocations=21 (full 0):
 garbage-first heap   total 99328K, used 77297K [0x0000000080000000, 0x0000000100000000)
  region size 1024K, 32 young (32768K), 4 survivors (4096K)
 Metaspace       used 64885K, committed 65408K, reserved 1114112K
  class space    used 8507K, committed 8768K, reserved 1048576K
}
Event: 11.473 GC heap after
{Heap after GC invocations=22 (full 0):
 garbage-first heap   total 99328K, used 50498K [0x0000000080000000, 0x0000000100000000)
  region size 1024K, 3 young (3072K), 3 survivors (3072K)
 Metaspace       used 64885K, committed 65408K, reserved 1114112K
  class space    used 8507K, committed 8768K, reserved 1048576K
}
Event: 11.693 GC heap before
{Heap before GC invocations=22 (full 0):
 garbage-first heap   total 99328K, used 77122K [0x0000000080000000, 0x0000000100000000)
  region size 1024K, 29 young (29696K), 3 survivors (3072K)
 Metaspace       used 65792K, committed 66368K, reserved 1114112K
  class space    used 8653K, committed 8896K, reserved 1048576K
}
Event: 11.699 GC heap after
{Heap after GC invocations=23 (full 0):
 garbage-first heap   total 99328K, used 52024K [0x0000000080000000, 0x0000000100000000)
  region size 1024K, 2 young (2048K), 2 survivors (2048K)
 Metaspace       used 65792K, committed 66368K, reserved 1114112K
  class space    used 8653K, committed 8896K, reserved 1048576K
}
Event: 12.467 GC heap before
{Heap before GC invocations=24 (full 0):
 garbage-first heap   total 99328K, used 78648K [0x0000000080000000, 0x0000000100000000)
  region size 1024K, 28 young (28672K), 2 survivors (2048K)
 Metaspace       used 67148K, committed 67712K, reserved 1114112K
  class space    used 8835K, committed 9088K, reserved 1048576K
}
Event: 12.472 GC heap after
{Heap after GC invocations=25 (full 0):
 garbage-first heap   total 99328K, used 54272K [0x0000000080000000, 0x0000000100000000)
  region size 1024K, 4 young (4096K), 4 survivors (4096K)
 Metaspace       used 67148K, committed 67712K, reserved 1114112K
  class space    used 8835K, committed 9088K, reserved 1048576K
}
Event: 12.998 GC heap before
{Heap before GC invocations=25 (full 0):
 garbage-first heap   total 99328K, used 78848K [0x0000000080000000, 0x0000000100000000)
  region size 1024K, 29 young (29696K), 4 survivors (4096K)
 Metaspace       used 70490K, committed 71040K, reserved 1114112K
  class space    used 9493K, committed 9728K, reserved 1048576K
}
Event: 13.003 GC heap after
{Heap after GC invocations=26 (full 0):
 garbage-first heap   total 99328K, used 55757K [0x0000000080000000, 0x0000000100000000)
  region size 1024K, 2 young (2048K), 2 survivors (2048K)
 Metaspace       used 70490K, committed 71040K, reserved 1114112K
  class space    used 9493K, committed 9728K, reserved 1048576K
}
Event: 13.724 GC heap before
{Heap before GC invocations=27 (full 0):
 garbage-first heap   total 101376K, used 80333K [0x0000000080000000, 0x0000000100000000)
  region size 1024K, 27 young (27648K), 2 survivors (2048K)
 Metaspace       used 73222K, committed 73792K, reserved 1114112K
  class space    used 9914K, committed 10176K, reserved 1048576K
}
Event: 13.729 GC heap after
{Heap after GC invocations=28 (full 0):
 garbage-first heap   total 121856K, used 57470K [0x0000000080000000, 0x0000000100000000)
  region size 1024K, 4 young (4096K), 4 survivors (4096K)
 Metaspace       used 73222K, committed 73792K, reserved 1114112K
  class space    used 9914K, committed 10176K, reserved 1048576K
}

